# JRE version: OpenJDK Runtime Environment (8.0_152-b06) (build 1.8.0_152-release-1136-b06)
# Java VM: OpenJDK 64-Bit Server VM (25.152-b06 mixed mode windows-amd64 compressed oops)
Heap:
 PSYoungGen      total 202752K, used 102049K [0x00000000e0000000, 0x00000000ef880000, 0x0000000100000000)
  eden space 184832K, 53% used [0x00000000e0000000,0x00000000e600e220,0x00000000eb480000)
  from space 17920K, 20% used [0x00000000eb480000,0x00000000eb81a5a8,0x00000000ec600000)
  to   space 17408K, 0% used [0x00000000ee780000,0x00000000ee780000,0x00000000ef880000)
 ParOldGen       total 86528K, used 61440K [0x00000000a0000000, 0x00000000a5480000, 0x00000000e0000000)
  object space 86528K, 71% used [0x00000000a0000000,0x00000000a3c00328,0x00000000a5480000)
 Metaspace       used 75607K, capacity 78478K, committed 78680K, reserved 1118208K
  class space    used 9931K, capacity 10550K, committed 10624K, reserved 1048576K
GC Heap History (10 events):
Event: 66.013 GC heap before
{Heap before GC invocations=20 (full 3):
 PSYoungGen      total 146432K, used 11976K [0x00000000e0000000, 0x00000000ec580000, 0x0000000100000000)
  eden space 132096K, 0% used [0x00000000e0000000,0x00000000e0000000,0x00000000e8100000)
  from space 14336K, 83% used [0x00000000e8100000,0x00000000e8cb22d0,0x00000000e8f00000)
  to   space 15872K, 0% used [0x00000000eb600000,0x00000000eb600000,0x00000000ec580000)
 ParOldGen       total 47104K, used 38948K [0x00000000a0000000, 0x00000000a2e00000, 0x00000000e0000000)
  object space 47104K, 82% used [0x00000000a0000000,0x00000000a26091d0,0x00000000a2e00000)
 Metaspace       used 57310K, capacity 58962K, committed 59028K, reserved 1099776K
  class space    used 7772K, capacity 8178K, committed 8192K, reserved 1048576K
Event: 67.413 GC heap after
Heap after GC invocations=20 (full 3):
 PSYoungGen      total 146432K, used 0K [0x00000000e0000000, 0x00000000ec580000, 0x0000000100000000)
  eden space 132096K, 0% used [0x00000000e0000000,0x00000000e0000000,0x00000000e8100000)
  from space 14336K, 0% used [0x00000000e8100000,0x00000000e8100000,0x00000000e8f00000)
  to   space 15872K, 0% used [0x00000000eb600000,0x00000000eb600000,0x00000000ec580000)
 ParOldGen       total 86528K, used 41120K [0x00000000a0000000, 0x00000000a5480000, 0x00000000e0000000)
  object space 86528K, 47% used [0x00000000a0000000,0x00000000a28281f8,0x00000000a5480000)
 Metaspace       used 57310K, capacity 58962K, committed 59028K, reserved 1099776K
  class space    used 7772K, capacity 8178K, committed 8192K, reserved 1048576K
}
Event: 87.508 GC heap before
{Heap before GC invocations=21 (full 3):
 PSYoungGen      total 146432K, used 132096K [0x00000000e0000000, 0x00000000ec580000, 0x0000000100000000)
  eden space 132096K, 100% used [0x00000000e0000000,0x00000000e8100000,0x00000000e8100000)
  from space 14336K, 0% used [0x00000000e8100000,0x00000000e8100000,0x00000000e8f00000)
  to   space 15872K, 0% used [0x00000000eb600000,0x00000000eb600000,0x00000000ec580000)
 ParOldGen       total 86528K, used 41120K [0x00000000a0000000, 0x00000000a5480000, 0x00000000e0000000)
  object space 86528K, 47% used [0x00000000a0000000,0x00000000a28281f8,0x00000000a5480000)
 Metaspace       used 62810K, capacity 64490K, committed 64728K, reserved 1105920K
  class space    used 8429K, capacity 8840K, committed 8960K, reserved 1048576K
Event: 87.735 GC heap after
Heap after GC invocations=21 (full 3):
 PSYoungGen      total 171008K, used 15844K [0x00000000e0000000, 0x00000000ec580000, 0x0000000100000000)
  eden space 155136K, 0% used [0x00000000e0000000,0x00000000e0000000,0x00000000e9780000)
  from space 15872K, 99% used [0x00000000eb600000,0x00000000ec5791c8,0x00000000ec580000)
  to   space 19456K, 0% used [0x00000000e9f80000,0x00000000e9f80000,0x00000000eb280000)
 ParOldGen       total 86528K, used 44678K [0x00000000a0000000, 0x00000000a5480000, 0x00000000e0000000)
  object space 86528K, 51% used [0x00000000a0000000,0x00000000a2ba1808,0x00000000a5480000)
 Metaspace       used 62810K, capacity 64490K, committed 64728K, reserved 1105920K
  class space    used 8429K, capacity 8840K, committed 8960K, reserved 1048576K
}
Event: 105.719 GC heap before
{Heap before GC invocations=22 (full 3):
 PSYoungGen      total 171008K, used 170190K [0x00000000e0000000, 0x00000000ec580000, 0x0000000100000000)
  eden space 155136K, 99% used [0x00000000e0000000,0x00000000e96ba7d8,0x00000000e9780000)
  from space 15872K, 99% used [0x00000000eb600000,0x00000000ec5791c8,0x00000000ec580000)
  to   space 19456K, 0% used [0x00000000e9f80000,0x00000000e9f80000,0x00000000eb280000)
 ParOldGen       total 86528K, used 44678K [0x00000000a0000000, 0x00000000a5480000, 0x00000000e0000000)
  object space 86528K, 51% used [0x00000000a0000000,0x00000000a2ba1808,0x00000000a5480000)
 Metaspace       used 65755K, capacity 67604K, committed 67800K, reserved 1107968K
  class space    used 8708K, capacity 9145K, committed 9216K, reserved 1048576K
Event: 106.303 GC heap after
Heap after GC invocations=22 (full 3):
 PSYoungGen      total 182784K, used 7943K [0x00000000e0000000, 0x00000000ed800000, 0x0000000100000000)
  eden space 163328K, 0% used [0x00000000e0000000,0x00000000e0000000,0x00000000e9f80000)
  from space 19456K, 40% used [0x00000000e9f80000,0x00000000ea741c48,0x00000000eb280000)
  to   space 18432K, 0% used [0x00000000ec600000,0x00000000ec600000,0x00000000ed800000)
 ParOldGen       total 86528K, used 56417K [0x00000000a0000000, 0x00000000a5480000, 0x00000000e0000000)
  object space 86528K, 65% used [0x00000000a0000000,0x00000000a3718440,0x00000000a5480000)
 Metaspace       used 65755K, capacity 67604K, committed 67800K, reserved 1107968K
  class space    used 8708K, capacity 9145K, committed 9216K, reserved 1048576K
}
Event: 107.063 GC heap before
{Heap before GC invocations=23 (full 3):
 PSYoungGen      total 182784K, used 170341K [0x00000000e0000000, 0x00000000ed800000, 0x0000000100000000)
  eden space 163328K, 99% used [0x00000000e0000000,0x00000000e9e977b8,0x00000000e9f80000)
  from space 19456K, 40% used [0x00000000e9f80000,0x00000000ea741c48,0x00000000eb280000)
  to   space 18432K, 0% used [0x00000000ec600000,0x00000000ec600000,0x00000000ed800000)
 ParOldGen       total 86528K, used 56417K [0x00000000a0000000, 0x00000000a5480000, 0x00000000e0000000)
  object space 86528K, 65% used [0x00000000a0000000,0x00000000a3718440,0x00000000a5480000)
 Metaspace       used 65763K, capacity 67668K, committed 67800K, reserved 1107968K
  class space    used 8708K, capacity 9145K, committed 9216K, reserved 1048576K
Event: 107.089 GC heap after
Heap after GC invocations=23 (full 3):
 PSYoungGen      total 203264K, used 6309K [0x00000000e0000000, 0x00000000ee200000, 0x0000000100000000)
  eden space 184832K, 0% used [0x00000000e0000000,0x00000000e0000000,0x00000000eb480000)
  from space 18432K, 34% used [0x00000000ec600000,0x00000000ecc29440,0x00000000ed800000)
  to   space 17920K, 0% used [0x00000000eb480000,0x00000000eb480000,0x00000000ec600000)
 ParOldGen       total 86528K, used 56417K [0x00000000a0000000, 0x00000000a5480000, 0x00000000e0000000)
  object space 86528K, 65% used [0x00000000a0000000,0x00000000a3718440,0x00000000a5480000)
 Metaspace       used 65763K, capacity 67668K, committed 67800K, reserved 1107968K
  class space    used 8708K, capacity 9145K, committed 9216K, reserved 1048576K
}
Event: 113.106 GC heap before
{Heap before GC invocations=24 (full 3):
 PSYoungGen      total 203264K, used 191141K [0x00000000e0000000, 0x00000000ee200000, 0x0000000100000000)
  eden space 184832K, 100% used [0x00000000e0000000,0x00000000eb480000,0x00000000eb480000)
  from space 18432K, 34% used [0x00000000ec600000,0x00000000ecc29440,0x00000000ed800000)
  to   space 17920K, 0% used [0x00000000eb480000,0x00000000eb480000,0x00000000ec600000)
 ParOldGen       total 86528K, used 56417K [0x00000000a0000000, 0x00000000a5480000, 0x00000000e0000000)
  object space 86528K, 65% used [0x00000000a0000000,0x00000000a3718440,0x00000000a5480000)
 Metaspace       used 67352K, capacity 69448K, committed 69592K, reserved 1110016K
  class space    used 8888K, capacity 9363K, committed 9472K, reserved 1048576K
Event: 113.207 GC heap after
Heap after GC invocations=24 (full 3):
 PSYoungGen      total 202752K, used 3689K [0x00000000e0000000, 0x00000000ef880000, 0x0000000100000000)
  eden space 184832K, 0% used [0x00000000e0000000,0x00000000e0000000,0x00000000eb480000)
  from space 17920K, 20% used [0x00000000eb480000,0x00000000eb81a5a8,0x00000000ec600000)
  to   space 17408K, 0% used [0x00000000ee780000,0x00000000ee780000,0x00000000ef880000)
 ParOldGen       total 86528K, used 61440K [0x00000000a0000000, 0x00000000a5480000, 0x00000000e0000000)
  object space 86528K, 71% used [0x00000000a0000000,0x00000000a3c00328,0x00000000a5480000)
 Metaspace       used 67352K, capacity 69448K, committed 69592K, reserved 1110016K
  class space    used 8888K, capacity 9363K, committed 9472K, reserved 1048576K
}

